0 info it worked if it ends with ok
1 verbose cli [ '/home/andy/.nvm/v0.10.36/bin/node',
1 verbose cli   '/home/andy/.nvm/v0.10.36/bin/npm',
1 verbose cli   'run',
1 verbose cli   'dev' ]
2 info using npm@1.4.28
3 info using node@v0.10.36
4 verbose run-script [ 'predev', 'dev', 'postdev' ]
5 info predev react-rubiks-cube@1.0.0
6 info dev react-rubiks-cube@1.0.0
7 verbose unsafe-perm in lifecycle true
8 info react-rubiks-cube@1.0.0 Failed to exec dev script
9 error react-rubiks-cube@1.0.0 dev: `node server.js`
9 error Exit status 8
10 error Failed at the react-rubiks-cube@1.0.0 dev script.
10 error This is most likely a problem with the react-rubiks-cube package,
10 error not with npm itself.
10 error Tell the author that this fails on your system:
10 error     node server.js
10 error You can get their info via:
10 error     npm owner ls react-rubiks-cube
10 error There is likely additional logging output above.
11 error System Linux 3.16.0-44-generic
12 error command "/home/andy/.nvm/v0.10.36/bin/node" "/home/andy/.nvm/v0.10.36/bin/npm" "run" "dev"
13 error cwd /home/andy/react-rubiks-cube
14 error node -v v0.10.36
15 error npm -v 1.4.28
16 error code ELIFECYCLE
17 verbose exit [ 1, true ]
